2025-10-06 10:30:07,264 - WARNING - pystray not available
2025-10-06 10:30:07,265 - WARNING - plyer not available
2025-10-06 10:30:07,422 - ERROR - REST fallback error: name 'requests' is not defined
2025-10-06 10:30:08,470 - INFO - Websocket connected
2025-10-06 10:44:06,315 - WARNING - pystray not available
2025-10-06 10:44:06,315 - WARNING - plyer not available
2025-10-06 10:44:06,474 - ERROR - REST fallback error: name 'requests' is not defined
2025-10-06 10:44:07,524 - INFO - Websocket connected
2025-10-06 10:45:51,289 - WARNING - pystray not available
2025-10-06 10:45:51,290 - WARNING - plyer not available
2025-10-06 10:45:51,447 - ERROR - REST fallback error: name 'requests' is not defined
2025-10-06 10:45:52,474 - INFO - Websocket connected
2025-10-06 10:56:29,161 - WARNING - pystray not available
2025-10-06 10:56:29,162 - WARNING - plyer not available
2025-10-06 10:56:29,309 - ERROR - REST fallback error: name 'requests' is not defined
2025-10-06 10:56:30,148 - INFO - Websocket connected
2025-10-06 11:44:12,909 - WARNING - pystray not available
2025-10-06 11:44:12,910 - WARNING - plyer not available
2025-10-06 11:44:13,028 - ERROR - REST fallback error: name 'requests' is not defined
2025-10-06 11:44:14,088 - INFO - Websocket connected
2025-10-06 11:45:02,137 - WARNING - pystray not available
2025-10-06 11:45:02,138 - WARNING - plyer not available
2025-10-06 11:45:02,281 - ERROR - REST fallback error: name 'requests' is not defined
2025-10-06 11:45:03,267 - INFO - Websocket connected
2025-10-06 11:45:53,178 - ERROR - Message error: operands could not be broadcast together with shapes (9,) (10,) 
2025-10-06 12:00:22,009 - WARNING - pystray not available
2025-10-06 12:00:22,010 - WARNING - plyer not available
2025-10-06 12:00:22,133 - ERROR - REST fallback error: name 'requests' is not defined
2025-10-06 12:00:23,364 - INFO - Websocket connected
2025-10-06 12:25:26,572 - WARNING - pystray not available
2025-10-06 12:25:26,574 - WARNING - plyer not available
2025-10-06 12:25:26,916 - ERROR - REST fallback error: name 'requests' is not defined
2025-10-06 12:25:28,056 - INFO - Websocket connected
2025-10-06 12:52:14,869 - WARNING - pystray not available
2025-10-06 12:52:14,870 - WARNING - plyer not available
2025-10-06 12:52:14,989 - ERROR - REST fallback error: name 'requests' is not defined
2025-10-06 12:52:16,254 - INFO - Websocket connected
2025-10-06 13:03:32,876 - WARNING - pystray not available
2025-10-06 13:03:32,877 - WARNING - plyer not available
2025-10-06 13:03:33,001 - ERROR - REST fallback error: name 'requests' is not defined
2025-10-06 13:03:34,220 - INFO - Websocket connected
2025-10-06 13:11:29,138 - WARNING - pystray not available
2025-10-06 13:11:29,138 - WARNING - plyer not available
2025-10-06 13:11:29,252 - ERROR - REST fallback error: name 'requests' is not defined
2025-10-06 13:11:30,327 - INFO - Websocket connected
